This file contains any messages produced by compilers while
running configure, to aid debugging if configure makes a mistake.

It was created by configure, which was
generated by GNU Autoconf 2.69.  Invocation command line was

  $ ./configure CFLAGS=-g3 -O0 CXXFLAGS=-g3 -O0 --no-create --no-recursion

## --------- ##
## Platform. ##
## --------- ##

hostname = rpc
uname -m = x86_64
uname -r = 4.16.2-1-default
uname -s = Linux
uname -v = #1 SMP PREEMPT Thu Apr 12 12:54:16 UTC 2018 (7b2d22b)

/usr/bin/uname -p = x86_64
/bin/uname -X     = unknown

/bin/arch              = x86_64
/usr/bin/arch -k       = unknown
/usr/convex/getsysinfo = unknown
/usr/bin/hostinfo      = unknown
/bin/machine           = unknown
/usr/bin/oslevel       = unknown
/bin/universe          = unknown

PATH: /home/rohgarg/bin
PATH: /usr/local/bin
PATH: /usr/bin
PATH: /bin
PATH: /usr/lib/mit/sbin
PATH: /home/rohgarg/proj/android/android-ndk-r10d/toolchains/arm-linux-androideabi-4.9/prebuilt/linux-x86_64/bin
PATH: /home/rohgarg/bash_scripts
PATH: /home/rohgarg/proj/q/l32/
PATH: /home/rohgarg/sws/bin/
PATH: /sbin/
PATH: /usr/local/cuda/bin
PATH: /home/rohgarg/Downloads/jdk1.8.0_92//bin
PATH: /home/rohgarg/proj/android/android-ndk-r10d/toolchains/arm-linux-androideabi-4.9/prebuilt/linux-x86_64/bin
PATH: /home/rohgarg/bash_scripts
PATH: /home/rohgarg/proj/q/l32/
PATH: /home/rohgarg/sws/bin/
PATH: /sbin/
PATH: /usr/local/cuda/bin
PATH: /home/rohgarg/Downloads/jdk1.8.0_92//bin
PATH: /home/rohgarg/proj/android/android-ndk-r10d/toolchains/arm-linux-androideabi-4.9/prebuilt/linux-x86_64/bin
PATH: /home/rohgarg/bash_scripts
PATH: /home/rohgarg/proj/q/l32/
PATH: /home/rohgarg/sws/bin/
PATH: /sbin/
PATH: /usr/local/cuda/bin
PATH: /home/rohgarg/Downloads/jdk1.8.0_92//bin


## ----------- ##
## Core tests. ##
## ----------- ##

configure:2156: loading site script /usr/share/site/x86_64-unknown-linux-gnu
| #!/bin/sh
| # Site script for configure. It is resourced via $CONFIG_SITE environment varaible.
| 
| # If user did not specify libdir, guess the correct target:
| # Use lib64 for 64 bit bi-arch targets, keep the default for the rest.
| if test "$libdir" = '${exec_prefix}/lib' ; then
| 
| 	ac_config_site_64bit_host=NONE
| 
| 	case "$host" in
| 	"" )
| 		# User did not specify host target.
| 		# The native platform x86_64 is a bi-arch platform.
| 		# Try to detect cross-compilation to inferior architecture.
| 
| 		# We are trying to guess 32-bit target compilation. It's not as easy as
| 		# it sounds, as there is possible several intermediate combinations.
| 		ac_config_site_cross_to_32bit_host=NONE
| 
| 		# User defined -m32 in CFLAGS or CXXFLAGS or CC or CXX:
| 		# (It's sufficient for 32-bit, but alone may cause mis-behavior of some checks.)
| 		case "$CFLAGS $CXXFLAGS $CC $CXX" in
| 		*-m32*)
| 			ac_config_site_cross_to_32bit_host=YES
| 			;;
| 		esac
| 
| 		# Running with linux32:
| 		# (Changes detected platform, but not the toolchain target.)
| 		case "`/bin/uname -i`" in
| 		x86_64 | ppc64 | s390x | aarch64 )
| 			;;
| 		* )
| 			ac_config_site_cross_to_32bit_host=YES
| 			;;
| 		esac
| 
| 		if test "x$ac_config_site_cross_to_32bit_host" = xNONE; then
| 			ac_config_site_64bit_host=YES
| 		fi
| 
| 		;;
| 	*x86_64* | *ppc64* | *s390x* | *aarch64* )
| 		ac_config_site_64bit_host=YES
| 		;;
| 	esac
| 
| 	if test "x$ac_config_site_64bit_host" = xYES; then
| 		libdir='${exec_prefix}/lib64'
| 	fi
| fi
| 
| # If user did not specify libexecdir, set the correct target:
| # Nor FHS nor openSUSE allow prefix/libexec. Let's default to prefix/lib.
| 
| if test "$libexecdir" = '${exec_prefix}/libexec' ; then
| 	libexecdir='${exec_prefix}/lib'
| fi
| 
| # Continue with the standard behavior of configure defined in AC_SITE_LOAD:
| if test "x$prefix" != xNONE; then
| 	ac_site_file1=$prefix/share/config.site
| 	ac_site_file2=$prefix/etc/config.site
| else
| 	ac_site_file1=$ac_default_prefix/share/config.site
| 	ac_site_file2=$ac_default_prefix/etc/config.site
| fi
| for ac_site_file in "$ac_site_file1" "$ac_site_file2"
| do
| 	test "x$ac_site_file" = xNONE && continue
| 	if test /dev/null != "$ac_site_file" && test -r "$ac_site_file"; then
| 		{ $as_echo "/usr/share/site/x86_64-unknown-linux-gnu:${as_lineno-$LINENO}: loading site script $ac_site_file" >&5
| $as_echo "/usr/share/site/x86_64-unknown-linux-gnu: loading site script $ac_site_file" >&6;}
| 		sed 's/^/| /' "$ac_site_file" >&5
| 		. "$ac_site_file" \
| 			|| { { $as_echo "/usr/share/site/x86_64-unknown-linux-gnu:${as_lineno-$LINENO}: error: in \`$ac_pwd':" >&5
| $as_echo "/usr/share/site/x86_64-unknown-linux-gnu: error: in \`$ac_pwd':" >&2;}
| as_fn_error $? "failed to load site script $ac_site_file
| See \`config.log' for more details" "$LINENO" 5; }
| 	fi
| done
configure:2300: checking for a BSD-compatible install
configure:2368: result: /usr/bin/install -c
configure:2379: checking whether build environment is sane
configure:2434: result: yes
configure:2472: WARNING: 'missing' script is too old or missing
configure:2585: checking for a thread-safe mkdir -p
configure:2624: result: /usr/bin/mkdir -p
configure:2631: checking for gawk
configure:2647: found /usr/bin/gawk
configure:2658: result: gawk
configure:2669: checking whether make sets $(MAKE)
configure:2691: result: yes
configure:2720: checking whether make supports nested variables
configure:2737: result: yes
configure:2929: checking for g++
configure:2945: found /usr/bin/g++
configure:2956: result: g++
configure:2983: checking for C++ compiler version
configure:2992: g++ --version >&5
g++ (SUSE Linux) 7.3.1 20180323 [gcc-7-branch revision 258812]
Copyright (C) 2017 Free Software Foundation, Inc.
This is free software; see the source for copying conditions.  There is NO
warranty; not even for MERCHANTABILITY or FITNESS FOR A PARTICULAR PURPOSE.

configure:3003: $? = 0
configure:2992: g++ -v >&5
Using built-in specs.
COLLECT_GCC=g++
COLLECT_LTO_WRAPPER=/usr/lib64/gcc/x86_64-suse-linux/7/lto-wrapper
OFFLOAD_TARGET_NAMES=hsa:nvptx-none
Target: x86_64-suse-linux
Configured with: ../configure --prefix=/usr --infodir=/usr/share/info --mandir=/usr/share/man --libdir=/usr/lib64 --libexecdir=/usr/lib64 --enable-languages=c,c++,objc,fortran,obj-c++,ada,go --enable-offload-targets=hsa,nvptx-none=/usr/nvptx-none, --without-cuda-driver --enable-checking=release --disable-werror --with-gxx-include-dir=/usr/include/c++/7 --enable-ssp --disable-libssp --disable-libvtv --disable-libcc1 --enable-plugin --with-bugurl=http://bugs.opensuse.org/ --with-pkgversion='SUSE Linux' --with-slibdir=/lib64 --with-system-zlib --enable-__cxa_atexit --enable-libstdcxx-allocator=new --disable-libstdcxx-pch --enable-version-specific-runtime-libs --with-gcc-major-version-only --enable-linker-build-id --enable-linux-futex --enable-gnu-indirect-function --program-suffix=-7 --without-system-libunwind --enable-multilib --with-arch-32=x86-64 --with-tune=generic --build=x86_64-suse-linux --host=x86_64-suse-linux
Thread model: posix
gcc version 7.3.1 20180323 [gcc-7-branch revision 258812] (SUSE Linux) 
configure:3003: $? = 0
configure:2992: g++ -V >&5
g++: error: unrecognized command line option '-V'
g++: fatal error: no input files
compilation terminated.
configure:3003: $? = 1
configure:2992: g++ -qversion >&5
g++: error: unrecognized command line option '-qversion'; did you mean '--version'?
g++: fatal error: no input files
compilation terminated.
configure:3003: $? = 1
configure:3023: checking whether the C++ compiler works
configure:3045: g++ -g3 -O0   conftest.cpp  >&5
configure:3049: $? = 0
configure:3097: result: yes
configure:3100: checking for C++ compiler default output file name
configure:3102: result: a.out
configure:3108: checking for suffix of executables
configure:3115: g++ -o conftest -g3 -O0   conftest.cpp  >&5
configure:3119: $? = 0
configure:3141: result: 
configure:3163: checking whether we are cross compiling
configure:3171: g++ -o conftest -g3 -O0   conftest.cpp  >&5
configure:3175: $? = 0
configure:3182: ./conftest
configure:3186: $? = 0
configure:3201: result: no
configure:3206: checking for suffix of object files
configure:3228: g++ -c -g3 -O0  conftest.cpp >&5
configure:3232: $? = 0
configure:3253: result: o
configure:3257: checking whether we are using the GNU C++ compiler
configure:3276: g++ -c -g3 -O0  conftest.cpp >&5
configure:3276: $? = 0
configure:3285: result: yes
configure:3294: checking whether g++ accepts -g
configure:3314: g++ -c -g  conftest.cpp >&5
configure:3314: $? = 0
configure:3355: result: yes
configure:3389: checking for style of include used by make
configure:3417: result: GNU
configure:3443: checking dependency style of g++
configure:3554: result: gcc3
configure:3598: checking build system type
configure:3612: result: x86_64-unknown-linux-gnu
configure:3632: checking host system type
configure:3645: result: x86_64-unknown-linux-gnu
configure:3686: checking how to print strings
configure:3713: result: printf
configure:3782: checking for gcc
configure:3798: found /usr/bin/gcc
configure:3809: result: gcc
configure:4038: checking for C compiler version
configure:4047: gcc --version >&5
gcc (SUSE Linux) 7.3.1 20180323 [gcc-7-branch revision 258812]
Copyright (C) 2017 Free Software Foundation, Inc.
This is free software; see the source for copying conditions.  There is NO
warranty; not even for MERCHANTABILITY or FITNESS FOR A PARTICULAR PURPOSE.

configure:4058: $? = 0
configure:4047: gcc -v >&5
Using built-in specs.
COLLECT_GCC=gcc
COLLECT_LTO_WRAPPER=/usr/lib64/gcc/x86_64-suse-linux/7/lto-wrapper
OFFLOAD_TARGET_NAMES=hsa:nvptx-none
Target: x86_64-suse-linux
Configured with: ../configure --prefix=/usr --infodir=/usr/share/info --mandir=/usr/share/man --libdir=/usr/lib64 --libexecdir=/usr/lib64 --enable-languages=c,c++,objc,fortran,obj-c++,ada,go --enable-offload-targets=hsa,nvptx-none=/usr/nvptx-none, --without-cuda-driver --enable-checking=release --disable-werror --with-gxx-include-dir=/usr/include/c++/7 --enable-ssp --disable-libssp --disable-libvtv --disable-libcc1 --enable-plugin --with-bugurl=http://bugs.opensuse.org/ --with-pkgversion='SUSE Linux' --with-slibdir=/lib64 --with-system-zlib --enable-__cxa_atexit --enable-libstdcxx-allocator=new --disable-libstdcxx-pch --enable-version-specific-runtime-libs --with-gcc-major-version-only --enable-linker-build-id --enable-linux-futex --enable-gnu-indirect-function --program-suffix=-7 --without-system-libunwind --enable-multilib --with-arch-32=x86-64 --with-tune=generic --build=x86_64-suse-linux --host=x86_64-suse-linux
Thread model: posix
gcc version 7.3.1 20180323 [gcc-7-branch revision 258812] (SUSE Linux) 
configure:4058: $? = 0
configure:4047: gcc -V >&5
gcc: error: unrecognized command line option '-V'
gcc: fatal error: no input files
compilation terminated.
configure:4058: $? = 1
configure:4047: gcc -qversion >&5
gcc: error: unrecognized command line option '-qversion'; did you mean '--version'?
gcc: fatal error: no input files
compilation terminated.
configure:4058: $? = 1
configure:4062: checking whether we are using the GNU C compiler
configure:4081: gcc -c -g3 -O0  conftest.c >&5
configure:4081: $? = 0
configure:4090: result: yes
configure:4099: checking whether gcc accepts -g
configure:4119: gcc -c -g  conftest.c >&5
configure:4119: $? = 0
configure:4160: result: yes
configure:4177: checking for gcc option to accept ISO C89
configure:4240: gcc  -c -g3 -O0  conftest.c >&5
configure:4240: $? = 0
configure:4253: result: none needed
configure:4278: checking whether gcc understands -c and -o together
configure:4300: gcc -c conftest.c -o conftest2.o
configure:4303: $? = 0
configure:4300: gcc -c conftest.c -o conftest2.o
configure:4303: $? = 0
configure:4315: result: yes
configure:4334: checking dependency style of gcc
configure:4445: result: gcc3
configure:4460: checking for a sed that does not truncate output
configure:4524: result: /usr/bin/sed
configure:4542: checking for grep that handles long lines and -e
configure:4600: result: /usr/bin/grep
configure:4605: checking for egrep
configure:4667: result: /usr/bin/grep -E
configure:4672: checking for fgrep
configure:4734: result: /usr/bin/grep -F
configure:4769: checking for ld used by gcc
configure:4836: result: /usr/x86_64-suse-linux/bin/ld
configure:4843: checking if the linker (/usr/x86_64-suse-linux/bin/ld) is GNU ld
configure:4858: result: yes
configure:4870: checking for BSD- or MS-compatible name lister (nm)
configure:4924: result: /usr/bin/nm -B
configure:5054: checking the name lister (/usr/bin/nm -B) interface
configure:5061: g++ -c -g3 -O0  conftest.cpp >&5
configure:5064: /usr/bin/nm -B "conftest.o"
configure:5067: output
0000000000000000 B some_variable
0000000000000000 n wm4.0.44e5d5d79536829ecbb09e7d1d45cb3a
0000000000000000 n wm4.stdcpredef.h.19.006d14bbbe0dc07ba9b1ce3fdc8e40d3
configure:5074: result: BSD nm
configure:5077: checking whether ln -s works
configure:5081: result: yes
configure:5089: checking the maximum length of command line arguments
configure:5220: result: 1572864
configure:5268: checking how to convert x86_64-unknown-linux-gnu file names to x86_64-unknown-linux-gnu format
configure:5308: result: func_convert_file_noop
configure:5315: checking how to convert x86_64-unknown-linux-gnu file names to toolchain format
configure:5335: result: func_convert_file_noop
configure:5342: checking for /usr/x86_64-suse-linux/bin/ld option to reload object files
configure:5349: result: -r
configure:5423: checking for objdump
configure:5439: found /usr/bin/objdump
configure:5450: result: objdump
configure:5482: checking how to recognize dependent libraries
configure:5682: result: pass_all
configure:5767: checking for dlltool
configure:5797: result: no
configure:5827: checking how to associate runtime and link libraries
configure:5854: result: printf %s\n
configure:5915: checking for ar
configure:5931: found /usr/bin/ar
configure:5942: result: ar
configure:5979: checking for archiver @FILE support
configure:5996: g++ -c -g3 -O0  conftest.cpp >&5
configure:5996: $? = 0
configure:5999: ar cru libconftest.a @conftest.lst >&5
configure:6002: $? = 0
configure:6007: ar cru libconftest.a @conftest.lst >&5
ar: conftest.o: No such file or directory
configure:6010: $? = 1
configure:6022: result: @
configure:6080: checking for strip
configure:6096: found /usr/bin/strip
configure:6107: result: strip
configure:6179: checking for ranlib
configure:6195: found /usr/bin/ranlib
configure:6206: result: ranlib
configure:6308: checking command to parse /usr/bin/nm -B output from gcc object
configure:6461: g++ -c -g3 -O0  conftest.cpp >&5
configure:6464: $? = 0
configure:6468: /usr/bin/nm -B conftest.o \| sed -n -e 's/^.*[ ]\([ABCDGIRSTW][ABCDGIRSTW]*\)[ ][ ]*\([_A-Za-z][_A-Za-z0-9]*\)$/\1 \2 \2/p' | sed '/ __gnu_lto/d' \> conftest.nm
configure:6471: $? = 0
configure:6537: g++ -o conftest -g3 -O0   conftest.cpp conftstm.o >&5
configure:6540: $? = 0
configure:6578: result: ok
configure:6625: checking for sysroot
configure:6655: result: no
configure:6662: checking for a working dd
configure:6700: result: /usr/bin/dd
configure:6704: checking how to truncate binary pipes
configure:6719: result: /usr/bin/dd bs=4096 count=1
configure:6856: g++ -c -g3 -O0  conftest.cpp >&5
configure:6859: $? = 0
configure:7049: checking for mt
configure:7065: found /usr/bin/mt
configure:7076: result: mt
configure:7099: checking if mt is a manifest tool
configure:7105: mt '-?'
mt: Bad Option: '-?'.
Usage: mt [ -f device ] [options] command [ count ]
Options:
	-help		print this online help
	-version	print version number
	-wready		wait for the tape to become ready before doing command

Commands are:
weof          write EOF mark
eof           write EOF mark
fsf           forward skip FILE mark
bsf           backward skip FILE mark
asf           absolute FILE mark pos
fsr           forward skip record
bsr           backward skip record
rewind        rewind tape
offline       rewind and unload
rewoffl       rewind and unload
status        get tape status
nop           no operation
retension     retension tape cartridge
erase         erase tape
eom           position to EOM
load          load tape
configure:7113: result: no
configure:7790: checking how to run the C preprocessor
configure:7821: gcc -E  conftest.c
configure:7821: $? = 0
configure:7835: gcc -E  conftest.c
conftest.c:11:10: fatal error: ac_nonexistent.h: No such file or directory
 #include <ac_nonexistent.h>
          ^~~~~~~~~~~~~~~~~~
compilation terminated.
configure:7835: $? = 1
configure: failed program was:
| /* confdefs.h */
| #define PACKAGE_NAME ""
| #define PACKAGE_TARNAME ""
| #define PACKAGE_VERSION ""
| #define PACKAGE_STRING ""
| #define PACKAGE_BUGREPORT ""
| #define PACKAGE_URL ""
| #define PACKAGE "lustre"
| #define VERSION "0.1"
| /* end confdefs.h.  */
| #include <ac_nonexistent.h>
configure:7860: result: gcc -E
configure:7880: gcc -E  conftest.c
configure:7880: $? = 0
configure:7894: gcc -E  conftest.c
conftest.c:11:10: fatal error: ac_nonexistent.h: No such file or directory
 #include <ac_nonexistent.h>
          ^~~~~~~~~~~~~~~~~~
compilation terminated.
configure:7894: $? = 1
configure: failed program was:
| /* confdefs.h */
| #define PACKAGE_NAME ""
| #define PACKAGE_TARNAME ""
| #define PACKAGE_VERSION ""
| #define PACKAGE_STRING ""
| #define PACKAGE_BUGREPORT ""
| #define PACKAGE_URL ""
| #define PACKAGE "lustre"
| #define VERSION "0.1"
| /* end confdefs.h.  */
| #include <ac_nonexistent.h>
configure:7923: checking for ANSI C header files
configure:7943: gcc -c -g3 -O0  conftest.c >&5
configure:7943: $? = 0
configure:8016: gcc -o conftest -g3 -O0   conftest.c  >&5
configure:8016: $? = 0
configure:8016: ./conftest
configure:8016: $? = 0
configure:8027: result: yes
configure:8040: checking for sys/types.h
configure:8040: gcc -c -g3 -O0  conftest.c >&5
configure:8040: $? = 0
configure:8040: result: yes
configure:8040: checking for sys/stat.h
configure:8040: gcc -c -g3 -O0  conftest.c >&5
configure:8040: $? = 0
configure:8040: result: yes
configure:8040: checking for stdlib.h
configure:8040: gcc -c -g3 -O0  conftest.c >&5
configure:8040: $? = 0
configure:8040: result: yes
configure:8040: checking for string.h
configure:8040: gcc -c -g3 -O0  conftest.c >&5
configure:8040: $? = 0
configure:8040: result: yes
configure:8040: checking for memory.h
configure:8040: gcc -c -g3 -O0  conftest.c >&5
configure:8040: $? = 0
configure:8040: result: yes
configure:8040: checking for strings.h
configure:8040: gcc -c -g3 -O0  conftest.c >&5
configure:8040: $? = 0
configure:8040: result: yes
configure:8040: checking for inttypes.h
configure:8040: gcc -c -g3 -O0  conftest.c >&5
configure:8040: $? = 0
configure:8040: result: yes
configure:8040: checking for stdint.h
configure:8040: gcc -c -g3 -O0  conftest.c >&5
configure:8040: $? = 0
configure:8040: result: yes
configure:8040: checking for unistd.h
configure:8040: gcc -c -g3 -O0  conftest.c >&5
configure:8040: $? = 0
configure:8040: result: yes
configure:8054: checking for dlfcn.h
configure:8054: gcc -c -g3 -O0  conftest.c >&5
configure:8054: $? = 0
configure:8054: result: yes
configure:8320: checking for objdir
configure:8335: result: .libs
configure:8595: checking if gcc supports -fno-rtti -fno-exceptions
configure:8613: gcc -c -g3 -O0  -fno-rtti -fno-exceptions conftest.c >&5
cc1: warning: command line option '-fno-rtti' is valid for C++/ObjC++ but not for C
configure:8617: $? = 0
configure:8630: result: no
configure:8988: checking for gcc option to produce PIC
configure:8995: result: -fPIC -DPIC
configure:9003: checking if gcc PIC flag -fPIC -DPIC works
configure:9021: gcc -c -g3 -O0  -fPIC -DPIC -DPIC conftest.c >&5
configure:9025: $? = 0
configure:9038: result: yes
configure:9067: checking if gcc static flag -static works
configure:9095: result: no
configure:9110: checking if gcc supports -c -o file.o
configure:9131: gcc -c -g3 -O0  -o out/conftest2.o conftest.c >&5
configure:9135: $? = 0
configure:9157: result: yes
configure:9165: checking if gcc supports -c -o file.o
configure:9212: result: yes
configure:9245: checking whether the gcc linker (/usr/x86_64-suse-linux/bin/ld -m elf_x86_64) supports shared libraries
configure:10504: result: yes
configure:10541: checking whether -lc should be explicitly linked in
configure:10549: gcc -c -g3 -O0  conftest.c >&5
configure:10552: $? = 0
configure:10567: gcc -shared  -fPIC -DPIC conftest.o  -v -Wl,-soname -Wl,conftest -o conftest 2\>\&1 \| /usr/bin/grep  -lc  \>/dev/null 2\>\&1
configure:10570: $? = 0
configure:10584: result: no
configure:10744: checking dynamic linker characteristics
configure:11325: gcc -o conftest -g3 -O0   -Wl,-rpath -Wl,/foo conftest.c  >&5
configure:11325: $? = 0
configure:11562: result: GNU/Linux ld.so
configure:11684: checking how to hardcode library paths into programs
configure:11709: result: immediate
configure:12257: checking whether stripping libraries is possible
configure:12262: result: yes
configure:12297: checking if libtool supports shared libraries
configure:12299: result: yes
configure:12302: checking whether to build shared libraries
configure:12327: result: yes
configure:12330: checking whether to build static libraries
configure:12334: result: yes
configure:12357: checking how to run the C++ preprocessor
configure:12384: g++ -E  conftest.cpp
configure:12384: $? = 0
configure:12398: g++ -E  conftest.cpp
conftest.cpp:23:10: fatal error: ac_nonexistent.h: No such file or directory
 #include <ac_nonexistent.h>
          ^~~~~~~~~~~~~~~~~~
compilation terminated.
configure:12398: $? = 1
configure: failed program was:
| /* confdefs.h */
| #define PACKAGE_NAME ""
| #define PACKAGE_TARNAME ""
| #define PACKAGE_VERSION ""
| #define PACKAGE_STRING ""
| #define PACKAGE_BUGREPORT ""
| #define PACKAGE_URL ""
| #define PACKAGE "lustre"
| #define VERSION "0.1"
| #define STDC_HEADERS 1
| #define HAVE_SYS_TYPES_H 1
| #define HAVE_SYS_STAT_H 1
| #define HAVE_STDLIB_H 1
| #define HAVE_STRING_H 1
| #define HAVE_MEMORY_H 1
| #define HAVE_STRINGS_H 1
| #define HAVE_INTTYPES_H 1
| #define HAVE_STDINT_H 1
| #define HAVE_UNISTD_H 1
| #define HAVE_DLFCN_H 1
| #define LT_OBJDIR ".libs/"
| /* end confdefs.h.  */
| #include <ac_nonexistent.h>
configure:12423: result: g++ -E
configure:12443: g++ -E  conftest.cpp
configure:12443: $? = 0
configure:12457: g++ -E  conftest.cpp
conftest.cpp:23:10: fatal error: ac_nonexistent.h: No such file or directory
 #include <ac_nonexistent.h>
          ^~~~~~~~~~~~~~~~~~
compilation terminated.
configure:12457: $? = 1
configure: failed program was:
| /* confdefs.h */
| #define PACKAGE_NAME ""
| #define PACKAGE_TARNAME ""
| #define PACKAGE_VERSION ""
| #define PACKAGE_STRING ""
| #define PACKAGE_BUGREPORT ""
| #define PACKAGE_URL ""
| #define PACKAGE "lustre"
| #define VERSION "0.1"
| #define STDC_HEADERS 1
| #define HAVE_SYS_TYPES_H 1
| #define HAVE_SYS_STAT_H 1
| #define HAVE_STDLIB_H 1
| #define HAVE_STRING_H 1
| #define HAVE_MEMORY_H 1
| #define HAVE_STRINGS_H 1
| #define HAVE_INTTYPES_H 1
| #define HAVE_STDINT_H 1
| #define HAVE_UNISTD_H 1
| #define HAVE_DLFCN_H 1
| #define LT_OBJDIR ".libs/"
| /* end confdefs.h.  */
| #include <ac_nonexistent.h>
configure:12619: checking for ld used by g++
configure:12686: result: /usr/x86_64-suse-linux/bin/ld -m elf_x86_64
configure:12693: checking if the linker (/usr/x86_64-suse-linux/bin/ld -m elf_x86_64) is GNU ld
configure:12708: result: yes
configure:12763: checking whether the g++ linker (/usr/x86_64-suse-linux/bin/ld -m elf_x86_64) supports shared libraries
configure:13836: result: yes
configure:13872: g++ -c -g3 -O0  conftest.cpp >&5
configure:13875: $? = 0
configure:14356: checking for g++ option to produce PIC
configure:14363: result: -fPIC -DPIC
configure:14371: checking if g++ PIC flag -fPIC -DPIC works
configure:14389: g++ -c -g3 -O0  -fPIC -DPIC -DPIC conftest.cpp >&5
configure:14393: $? = 0
configure:14406: result: yes
configure:14429: checking if g++ static flag -static works
configure:14457: result: no
configure:14469: checking if g++ supports -c -o file.o
configure:14490: g++ -c -g3 -O0  -o out/conftest2.o conftest.cpp >&5
configure:14494: $? = 0
configure:14516: result: yes
configure:14521: checking if g++ supports -c -o file.o
configure:14568: result: yes
configure:14598: checking whether the g++ linker (/usr/x86_64-suse-linux/bin/ld -m elf_x86_64) supports shared libraries
configure:14638: result: yes
configure:14779: checking dynamic linker characteristics
configure:15524: result: GNU/Linux ld.so
configure:15589: checking how to hardcode library paths into programs
configure:15614: result: immediate
configure:15786: checking that generated files are newer than configure
configure:15792: result: done
configure:15819: creating ./config.status

## ---------------- ##
## Cache variables. ##
## ---------------- ##

ac_cv_build=x86_64-unknown-linux-gnu
ac_cv_c_compiler_gnu=yes
ac_cv_cxx_compiler_gnu=yes
ac_cv_env_CCC_set=
ac_cv_env_CCC_value=
ac_cv_env_CC_set=
ac_cv_env_CC_value=
ac_cv_env_CFLAGS_set=set
ac_cv_env_CFLAGS_value='-g3 -O0'
ac_cv_env_CPPFLAGS_set=
ac_cv_env_CPPFLAGS_value=
ac_cv_env_CPP_set=
ac_cv_env_CPP_value=
ac_cv_env_CXXCPP_set=
ac_cv_env_CXXCPP_value=
ac_cv_env_CXXFLAGS_set=set
ac_cv_env_CXXFLAGS_value='-g3 -O0'
ac_cv_env_CXX_set=
ac_cv_env_CXX_value=
ac_cv_env_LDFLAGS_set=
ac_cv_env_LDFLAGS_value=
ac_cv_env_LIBS_set=
ac_cv_env_LIBS_value=
ac_cv_env_LT_SYS_LIBRARY_PATH_set=
ac_cv_env_LT_SYS_LIBRARY_PATH_value=
ac_cv_env_build_alias_set=
ac_cv_env_build_alias_value=
ac_cv_env_host_alias_set=
ac_cv_env_host_alias_value=
ac_cv_env_target_alias_set=
ac_cv_env_target_alias_value=
ac_cv_header_dlfcn_h=yes
ac_cv_header_inttypes_h=yes
ac_cv_header_memory_h=yes
ac_cv_header_stdc=yes
ac_cv_header_stdint_h=yes
ac_cv_header_stdlib_h=yes
ac_cv_header_string_h=yes
ac_cv_header_strings_h=yes
ac_cv_header_sys_stat_h=yes
ac_cv_header_sys_types_h=yes
ac_cv_header_unistd_h=yes
ac_cv_host=x86_64-unknown-linux-gnu
ac_cv_objext=o
ac_cv_path_EGREP='/usr/bin/grep -E'
ac_cv_path_FGREP='/usr/bin/grep -F'
ac_cv_path_GREP=/usr/bin/grep
ac_cv_path_SED=/usr/bin/sed
ac_cv_path_install='/usr/bin/install -c'
ac_cv_path_lt_DD=/usr/bin/dd
ac_cv_path_mkdir=/usr/bin/mkdir
ac_cv_prog_AWK=gawk
ac_cv_prog_CPP='gcc -E'
ac_cv_prog_CXXCPP='g++ -E'
ac_cv_prog_ac_ct_AR=ar
ac_cv_prog_ac_ct_CC=gcc
ac_cv_prog_ac_ct_CXX=g++
ac_cv_prog_ac_ct_MANIFEST_TOOL=mt
ac_cv_prog_ac_ct_OBJDUMP=objdump
ac_cv_prog_ac_ct_RANLIB=ranlib
ac_cv_prog_ac_ct_STRIP=strip
ac_cv_prog_cc_c89=
ac_cv_prog_cc_g=yes
ac_cv_prog_cxx_g=yes
ac_cv_prog_make_make_set=yes
am_cv_CC_dependencies_compiler_type=gcc3
am_cv_CXX_dependencies_compiler_type=gcc3
am_cv_make_support_nested_variables=yes
am_cv_prog_cc_c_o=yes
lt_cv_ar_at_file=@
lt_cv_archive_cmds_need_lc=no
lt_cv_deplibs_check_method=pass_all
lt_cv_file_magic_cmd='$MAGIC_CMD'
lt_cv_file_magic_test_file=
lt_cv_ld_reload_flag=-r
lt_cv_nm_interface='BSD nm'
lt_cv_objdir=.libs
lt_cv_path_LD=/usr/x86_64-suse-linux/bin/ld
lt_cv_path_LDCXX='/usr/x86_64-suse-linux/bin/ld -m elf_x86_64'
lt_cv_path_NM='/usr/bin/nm -B'
lt_cv_path_mainfest_tool=no
lt_cv_prog_compiler_c_o=yes
lt_cv_prog_compiler_c_o_CXX=yes
lt_cv_prog_compiler_pic='-fPIC -DPIC'
lt_cv_prog_compiler_pic_CXX='-fPIC -DPIC'
lt_cv_prog_compiler_pic_works=yes
lt_cv_prog_compiler_pic_works_CXX=yes
lt_cv_prog_compiler_rtti_exceptions=no
lt_cv_prog_compiler_static_works=no
lt_cv_prog_compiler_static_works_CXX=no
lt_cv_prog_gnu_ld=yes
lt_cv_prog_gnu_ldcxx=yes
lt_cv_sharedlib_from_linklib_cmd='printf %s\n'
lt_cv_shlibpath_overrides_runpath=yes
lt_cv_sys_global_symbol_pipe='sed -n -e '\''s/^.*[	 ]\([ABCDGIRSTW][ABCDGIRSTW]*\)[	 ][	 ]*\([_A-Za-z][_A-Za-z0-9]*\)$/\1 \2 \2/p'\'' | sed '\''/ __gnu_lto/d'\'''
lt_cv_sys_global_symbol_to_c_name_address='sed -n -e '\''s/^: \(.*\) .*$/  {"\1", (void *) 0},/p'\'' -e '\''s/^[ABCDGIRSTW][ABCDGIRSTW]* .* \(.*\)$/  {"\1", (void *) \&\1},/p'\'''
lt_cv_sys_global_symbol_to_c_name_address_lib_prefix='sed -n -e '\''s/^: \(.*\) .*$/  {"\1", (void *) 0},/p'\'' -e '\''s/^[ABCDGIRSTW][ABCDGIRSTW]* .* \(lib.*\)$/  {"\1", (void *) \&\1},/p'\'' -e '\''s/^[ABCDGIRSTW][ABCDGIRSTW]* .* \(.*\)$/  {"lib\1", (void *) \&\1},/p'\'''
lt_cv_sys_global_symbol_to_cdecl='sed -n -e '\''s/^T .* \(.*\)$/extern int \1();/p'\'' -e '\''s/^[ABCDGIRSTW][ABCDGIRSTW]* .* \(.*\)$/extern char \1;/p'\'''
lt_cv_sys_global_symbol_to_import=
lt_cv_sys_max_cmd_len=1572864
lt_cv_to_host_file_cmd=func_convert_file_noop
lt_cv_to_tool_file_cmd=func_convert_file_noop
lt_cv_truncate_bin='/usr/bin/dd bs=4096 count=1'

## ----------------- ##
## Output variables. ##
## ----------------- ##

ACLOCAL='aclocal-1.15'
AMDEPBACKSLASH='\'
AMDEP_FALSE='#'
AMDEP_TRUE=''
AMTAR='$${TAR-tar}'
AM_BACKSLASH='\'
AM_DEFAULT_V='$(AM_DEFAULT_VERBOSITY)'
AM_DEFAULT_VERBOSITY='1'
AM_V='$(V)'
AR='ar'
AUTOCONF='autoconf'
AUTOHEADER='autoheader'
AUTOMAKE='automake-1.15'
AWK='gawk'
CC='gcc'
CCDEPMODE='depmode=gcc3'
CFLAGS='-g3 -O0'
CPP='gcc -E'
CPPFLAGS=''
CXX='g++'
CXXCPP='g++ -E'
CXXDEPMODE='depmode=gcc3'
CXXFLAGS='-g3 -O0'
CYGPATH_W='echo'
DEFS='-DHAVE_CONFIG_H'
DEPDIR='.deps'
DLLTOOL='false'
DSYMUTIL=''
DUMPBIN=''
ECHO_C=''
ECHO_N='-n'
ECHO_T=''
EGREP='/usr/bin/grep -E'
EXEEXT=''
FGREP='/usr/bin/grep -F'
GREP='/usr/bin/grep'
INSTALL_DATA='${INSTALL} -m 644'
INSTALL_PROGRAM='${INSTALL}'
INSTALL_SCRIPT='${INSTALL}'
INSTALL_STRIP_PROGRAM='$(install_sh) -c -s'
LD='/usr/x86_64-suse-linux/bin/ld -m elf_x86_64'
LDFLAGS=''
LIBOBJS=''
LIBS=''
LIBTOOL='$(SHELL) $(top_builddir)/libtool'
LIPO=''
LN_S='ln -s'
LTLIBOBJS=''
LT_SYS_LIBRARY_PATH=''
MAKEINFO='makeinfo'
MANIFEST_TOOL=':'
MKDIR_P='/usr/bin/mkdir -p'
NM='/usr/bin/nm -B'
NMEDIT=''
OBJDUMP='objdump'
OBJEXT='o'
OTOOL64=''
OTOOL=''
PACKAGE='lustre'
PACKAGE_BUGREPORT=''
PACKAGE_NAME=''
PACKAGE_STRING=''
PACKAGE_TARNAME=''
PACKAGE_URL=''
PACKAGE_VERSION=''
PATH_SEPARATOR=':'
RANLIB='ranlib'
SED='/usr/bin/sed'
SET_MAKE=''
SHELL='/bin/sh'
STRIP='strip'
VERSION='0.1'
ac_ct_AR='ar'
ac_ct_CC='gcc'
ac_ct_CXX='g++'
ac_ct_DUMPBIN=''
am__EXEEXT_FALSE=''
am__EXEEXT_TRUE='#'
am__fastdepCC_FALSE='#'
am__fastdepCC_TRUE=''
am__fastdepCXX_FALSE='#'
am__fastdepCXX_TRUE=''
am__include='include'
am__isrc=''
am__leading_dot='.'
am__nodep='_no'
am__quote=''
am__tar='$${TAR-tar} chof - "$$tardir"'
am__untar='$${TAR-tar} xf -'
bindir='${exec_prefix}/bin'
build='x86_64-unknown-linux-gnu'
build_alias=''
build_cpu='x86_64'
build_os='linux-gnu'
build_vendor='unknown'
datadir='${datarootdir}'
datarootdir='${prefix}/share'
docdir='${datarootdir}/doc/${PACKAGE}'
dvidir='${docdir}'
exec_prefix='${prefix}'
host='x86_64-unknown-linux-gnu'
host_alias=''
host_cpu='x86_64'
host_os='linux-gnu'
host_vendor='unknown'
htmldir='${docdir}'
includedir='${prefix}/include'
infodir='${datarootdir}/info'
install_sh='${SHELL} /scratch/rohgarg/lustre/install-sh'
libdir='${exec_prefix}/lib64'
libexecdir='${exec_prefix}/lib'
localedir='${datarootdir}/locale'
localstatedir='${prefix}/var'
mandir='${datarootdir}/man'
mkdir_p='$(MKDIR_P)'
oldincludedir='/usr/include'
pdfdir='${docdir}'
prefix='/usr/local'
program_transform_name='s,x,x,'
psdir='${docdir}'
sbindir='${exec_prefix}/sbin'
sharedstatedir='${prefix}/com'
sysconfdir='${prefix}/etc'
target_alias=''

## ----------- ##
## confdefs.h. ##
## ----------- ##

/* confdefs.h */
#define PACKAGE_NAME ""
#define PACKAGE_TARNAME ""
#define PACKAGE_VERSION ""
#define PACKAGE_STRING ""
#define PACKAGE_BUGREPORT ""
#define PACKAGE_URL ""
#define PACKAGE "lustre"
#define VERSION "0.1"
#define STDC_HEADERS 1
#define HAVE_SYS_TYPES_H 1
#define HAVE_SYS_STAT_H 1
#define HAVE_STDLIB_H 1
#define HAVE_STRING_H 1
#define HAVE_MEMORY_H 1
#define HAVE_STRINGS_H 1
#define HAVE_INTTYPES_H 1
#define HAVE_STDINT_H 1
#define HAVE_UNISTD_H 1
#define HAVE_DLFCN_H 1
#define LT_OBJDIR ".libs/"

configure: exit 0

## ---------------------- ##
## Running config.status. ##
## ---------------------- ##

This file was extended by config.status, which was
generated by GNU Autoconf 2.69.  Invocation command line was

  CONFIG_FILES    = 
  CONFIG_HEADERS  = 
  CONFIG_LINKS    = 
  CONFIG_COMMANDS = 
  $ ./config.status 

on rpc

config.status:1147: creating Makefile
config.status:1147: creating src/Makefile
config.status:1147: creating config.h
config.status:1328: config.h is unchanged
config.status:1376: executing depfiles commands
config.status:1376: executing libtool commands

## ---------------------- ##
## Running config.status. ##
## ---------------------- ##

This file was extended by config.status, which was
generated by GNU Autoconf 2.69.  Invocation command line was

  CONFIG_FILES    = 
  CONFIG_HEADERS  = 
  CONFIG_LINKS    = 
  CONFIG_COMMANDS = 
  $ ./config.status config.h

on rpc

config.status:1147: creating config.h
